0 info it worked if it ends with ok
1 verbose cli [ '/usr/bin/node',
1 verbose cli   '/usr/bin/npm',
1 verbose cli   'install',
1 verbose cli   '--save',
1 verbose cli   'backbone.poller' ]
2 info using npm@1.4.28
3 info using node@v0.10.33
4 verbose node symlink /usr/bin/node
5 warn package.json backbone.whateverwewanttocallit@1.0.0 No description
6 warn package.json assert@1.3.0 assert is also the name of a node core module.
7 verbose readDependencies using package.json deps
8 verbose cache add [ 'backbone.poller', null ]
9 verbose cache add name=undefined spec="backbone.poller" args=["backbone.poller",null]
10 verbose parsed url { protocol: null,
10 verbose parsed url   slashes: null,
10 verbose parsed url   auth: null,
10 verbose parsed url   host: null,
10 verbose parsed url   port: null,
10 verbose parsed url   hostname: null,
10 verbose parsed url   hash: null,
10 verbose parsed url   search: null,
10 verbose parsed url   query: null,
10 verbose parsed url   pathname: 'backbone.poller',
10 verbose parsed url   path: 'backbone.poller',
10 verbose parsed url   href: 'backbone.poller' }
11 silly lockFile 7f06a24c-backbone-poller backbone.poller
12 verbose lock backbone.poller /home/jonwalstedt/.npm/7f06a24c-backbone-poller.lock
13 silly lockFile 7f06a24c-backbone-poller backbone.poller
14 silly lockFile 7f06a24c-backbone-poller backbone.poller
15 verbose addNamed [ 'backbone.poller', '' ]
16 verbose addNamed [ null, '*' ]
17 silly lockFile 76837a7d-backbone-poller backbone.poller@
18 verbose lock backbone.poller@ /home/jonwalstedt/.npm/76837a7d-backbone-poller.lock
19 silly addNameRange { name: 'backbone.poller', range: '*', hasData: false }
20 verbose request where is /backbone.poller
21 verbose request registry http://registry.npmjs.org/
22 verbose request id 691f6ca61c73de31
23 verbose url raw /backbone.poller
24 verbose url resolving [ 'http://registry.npmjs.org/', './backbone.poller' ]
25 verbose url resolved http://registry.npmjs.org/backbone.poller
26 verbose request where is http://registry.npmjs.org/backbone.poller
27 info trying registry request attempt 1 at 22:08:59
28 http GET http://registry.npmjs.org/backbone.poller
29 http 404 http://registry.npmjs.org/backbone.poller
30 verbose headers { server: 'CouchDB/1.5.0 (Erlang OTP/R16B03)',
30 verbose headers   'content-type': 'application/json',
30 verbose headers   'cache-control': 'max-age=0',
30 verbose headers   'content-length': '52',
30 verbose headers   'accept-ranges': 'bytes',
30 verbose headers   date: 'Wed, 11 Feb 2015 21:09:00 GMT',
30 verbose headers   via: '1.1 varnish',
30 verbose headers   age: '0',
30 verbose headers   connection: 'keep-alive',
30 verbose headers   'x-served-by': 'cache-fra1240-FRA',
30 verbose headers   'x-cache': 'MISS',
30 verbose headers   'x-cache-hits': '0',
30 verbose headers   'x-timer': 'S1423688940.125296,VS0,VE102' }
31 silly registry.get cb [ 404,
31 silly registry.get   { server: 'CouchDB/1.5.0 (Erlang OTP/R16B03)',
31 silly registry.get     'content-type': 'application/json',
31 silly registry.get     'cache-control': 'max-age=0',
31 silly registry.get     'content-length': '52',
31 silly registry.get     'accept-ranges': 'bytes',
31 silly registry.get     date: 'Wed, 11 Feb 2015 21:09:00 GMT',
31 silly registry.get     via: '1.1 varnish',
31 silly registry.get     age: '0',
31 silly registry.get     connection: 'keep-alive',
31 silly registry.get     'x-served-by': 'cache-fra1240-FRA',
31 silly registry.get     'x-cache': 'MISS',
31 silly registry.get     'x-cache-hits': '0',
31 silly registry.get     'x-timer': 'S1423688940.125296,VS0,VE102' } ]
32 silly lockFile 76837a7d-backbone-poller backbone.poller@
33 silly lockFile 76837a7d-backbone-poller backbone.poller@
34 error 404 404 Not Found: backbone.poller
34 error 404
34 error 404 'backbone.poller' is not in the npm registry.
34 error 404 You should bug the author to publish it
34 error 404 It was specified as a dependency of 'backbone.whateverwewanttocallit'
34 error 404
34 error 404 Note that you can also install from a
34 error 404 tarball, folder, or http url, or git url.
35 error System Linux 3.5.0-41-generic
36 error command "/usr/bin/node" "/usr/bin/npm" "install" "--save" "backbone.poller"
37 error cwd /home/jonwalstedt/repos/work/kambi/backbone.whateverwewanttocallit
38 error node -v v0.10.33
39 error npm -v 1.4.28
40 error code E404
41 verbose exit [ 1, true ]
